# JRE version: OpenJDK Runtime Environment (8.0_66-b17) (build 1.8.0_66-b17)
# Java VM: OpenJDK 64-Bit Server VM (25.66-b17 mixed mode bsd-amd64 compressed oops)
Heap:
 PSYoungGen      total 1363456K, used 983040K [0x0000000740000000, 0x00000007bfa00000, 0x00000007c0000000)
  eden space 983040K, 100% used [0x0000000740000000,0x000000077c000000,0x000000077c000000)
  from space 380416K, 0% used [0x000000077c000000,0x000000077c000000,0x0000000793380000)
  to   space 551936K, 0% used [0x000000079df00000,0x000000079df00000,0x00000007bfa00000)
 ParOldGen       total 4194304K, used 4194086K [0x0000000640000000, 0x0000000740000000, 0x0000000740000000)
  object space 4194304K, 99% used [0x0000000640000000,0x000000073ffc99e8,0x0000000740000000)
 Metaspace       used 37890K, capacity 38068K, committed 38448K, reserved 1083392K
  class space    used 5035K, capacity 5075K, committed 5168K, reserved 1048576K
GC Heap History (10 events):
Event: 4952.481 GC heap after
Heap after GC invocations=817 (full 502):
 PSYoungGen      total 1363456K, used 792819K [0x0000000740000000, 0x00000007bfa00000, 0x00000007c0000000)
  eden space 983040K, 80% used [0x0000000740000000,0x000000077063cea8,0x000000077c000000)
  from space 380416K, 0% used [0x000000077c000000,0x000000077c000000,0x0000000793380000)
  to   space 551936K, 0% used [0x000000079df00000,0x000000079df00000,0x00000007bfa00000)
 ParOldGen       total 4194304K, used 4194086K [0x0000000640000000, 0x0000000740000000, 0x0000000740000000)
  object space 4194304K, 99% used [0x0000000640000000,0x000000073ffc99e8,0x0000000740000000)
 Metaspace       used 37890K, capacity 38068K, committed 38448K, reserved 1083392K
  class space    used 5035K, capacity 5075K, committed 5168K, reserved 1048576K
}
Event: 4953.537 GC heap before
{Heap before GC invocations=818 (full 503):
 PSYoungGen      total 1363456K, used 983040K [0x0000000740000000, 0x00000007bfa00000, 0x00000007c0000000)
  eden space 983040K, 100% used [0x0000000740000000,0x000000077c000000,0x000000077c000000)
  from space 380416K, 0% used [0x000000077c000000,0x000000077c000000,0x0000000793380000)
  to   space 551936K, 0% used [0x000000079df00000,0x000000079df00000,0x00000007bfa00000)
 ParOldGen       total 4194304K, used 4194086K [0x0000000640000000, 0x0000000740000000, 0x0000000740000000)
  object space 4194304K, 99% used [0x0000000640000000,0x000000073ffc99e8,0x0000000740000000)
 Metaspace       used 37890K, capacity 38068K, committed 38448K, reserved 1083392K
  class space    used 5035K, capacity 5075K, committed 5168K, reserved 1048576K
Event: 4959.300 GC heap after
Heap after GC invocations=818 (full 503):
 PSYoungGen      total 1363456K, used 795714K [0x0000000740000000, 0x00000007bfa00000, 0x00000007c0000000)
  eden space 983040K, 80% used [0x0000000740000000,0x0000000770910bd8,0x000000077c000000)
  from space 380416K, 0% used [0x000000077c000000,0x000000077c000000,0x0000000793380000)
  to   space 551936K, 0% used [0x000000079df00000,0x000000079df00000,0x00000007bfa00000)
 ParOldGen       total 4194304K, used 4194086K [0x0000000640000000, 0x0000000740000000, 0x0000000740000000)
  object space 4194304K, 99% used [0x0000000640000000,0x000000073ffc99e8,0x0000000740000000)
 Metaspace       used 37890K, capacity 38068K, committed 38448K, reserved 1083392K
  class space    used 5035K, capacity 5075K, committed 5168K, reserved 1048576K
}
Event: 4960.246 GC heap before
{Heap before GC invocations=819 (full 504):
 PSYoungGen      total 1363456K, used 983040K [0x0000000740000000, 0x00000007bfa00000, 0x00000007c0000000)
  eden space 983040K, 100% used [0x0000000740000000,0x000000077c000000,0x000000077c000000)
  from space 380416K, 0% used [0x000000077c000000,0x000000077c000000,0x0000000793380000)
  to   space 551936K, 0% used [0x000000079df00000,0x000000079df00000,0x00000007bfa00000)
 ParOldGen       total 4194304K, used 4194086K [0x0000000640000000, 0x0000000740000000, 0x0000000740000000)
  object space 4194304K, 99% used [0x0000000640000000,0x000000073ffc99e8,0x0000000740000000)
 Metaspace       used 37890K, capacity 38068K, committed 38448K, reserved 1083392K
  class space    used 5035K, capacity 5075K, committed 5168K, reserved 1048576K
Event: 4966.235 GC heap after
Heap after GC invocations=819 (full 504):
 PSYoungGen      total 1363456K, used 801041K [0x0000000740000000, 0x00000007bfa00000, 0x00000007c0000000)
  eden space 983040K, 81% used [0x0000000740000000,0x0000000770e44700,0x000000077c000000)
  from space 380416K, 0% used [0x000000077c000000,0x000000077c000000,0x0000000793380000)
  to   space 551936K, 0% used [0x000000079df00000,0x000000079df00000,0x00000007bfa00000)
 ParOldGen       total 4194304K, used 4194086K [0x0000000640000000, 0x0000000740000000, 0x0000000740000000)
  object space 4194304K, 99% used [0x0000000640000000,0x000000073ffc99e8,0x0000000740000000)
 Metaspace       used 37890K, capacity 38068K, committed 38448K, reserved 1083392K
  class space    used 5035K, capacity 5075K, committed 5168K, reserved 1048576K
}
Event: 4967.363 GC heap before
{Heap before GC invocations=820 (full 505):
 PSYoungGen      total 1363456K, used 983040K [0x0000000740000000, 0x00000007bfa00000, 0x00000007c0000000)
  eden space 983040K, 100% used [0x0000000740000000,0x000000077c000000,0x000000077c000000)
  from space 380416K, 0% used [0x000000077c000000,0x000000077c000000,0x0000000793380000)
  to   space 551936K, 0% used [0x000000079df00000,0x000000079df00000,0x00000007bfa00000)
 ParOldGen       total 4194304K, used 4194086K [0x0000000640000000, 0x0000000740000000, 0x0000000740000000)
  object space 4194304K, 99% used [0x0000000640000000,0x000000073ffc99e8,0x0000000740000000)
 Metaspace       used 37890K, capacity 38068K, committed 38448K, reserved 1083392K
  class space    used 5035K, capacity 5075K, committed 5168K, reserved 1048576K
Event: 4973.363 GC heap after
Heap after GC invocations=820 (full 505):
 PSYoungGen      total 1363456K, used 807197K [0x0000000740000000, 0x00000007bfa00000, 0x00000007c0000000)
  eden space 983040K, 82% used [0x0000000740000000,0x0000000771447588,0x000000077c000000)
  from space 380416K, 0% used [0x000000077c000000,0x000000077c000000,0x0000000793380000)
  to   space 551936K, 0% used [0x000000079df00000,0x000000079df00000,0x00000007bfa00000)
 ParOldGen       total 4194304K, used 4194086K [0x0000000640000000, 0x0000000740000000, 0x0000000740000000)
  object space 4194304K, 99% used [0x0000000640000000,0x000000073ffc99e8,0x0000000740000000)
 Metaspace       used 37890K, capacity 38068K, committed 38448K, reserved 1083392K
  class space    used 5035K, capacity 5075K, committed 5168K, reserved 1048576K
}
Event: 4974.124 GC heap before
{Heap before GC invocations=821 (full 506):
 PSYoungGen      total 1363456K, used 983040K [0x0000000740000000, 0x00000007bfa00000, 0x00000007c0000000)
  eden space 983040K, 100% used [0x0000000740000000,0x000000077c000000,0x000000077c000000)
  from space 380416K, 0% used [0x000000077c000000,0x000000077c000000,0x0000000793380000)
  to   space 551936K, 0% used [0x000000079df00000,0x000000079df00000,0x00000007bfa00000)
 ParOldGen       total 4194304K, used 4194086K [0x0000000640000000, 0x0000000740000000, 0x0000000740000000)
  object space 4194304K, 99% used [0x0000000640000000,0x000000073ffc99e8,0x0000000740000000)
 Metaspace       used 37890K, capacity 38068K, committed 38448K, reserved 1083392K
  class space    used 5035K, capacity 5075K, committed 5168K, reserved 1048576K
Event: 4980.121 GC heap after
Heap after GC invocations=821 (full 506):
 PSYoungGen      total 1363456K, used 817535K [0x0000000740000000, 0x00000007bfa00000, 0x00000007c0000000)
  eden space 983040K, 83% used [0x0000000740000000,0x0000000771e5fe78,0x000000077c000000)
  from space 380416K, 0% used [0x000000077c000000,0x000000077c000000,0x0000000793380000)
  to   space 551936K, 0% used [0x000000079df00000,0x000000079df00000,0x00000007bfa00000)
 ParOldGen       total 4194304K, used 4194086K [0x0000000640000000, 0x0000000740000000, 0x0000000740000000)
  object space 4194304K, 99% used [0x0000000640000000,0x000000073ffc99e8,0x0000000740000000)
 Metaspace       used 37890K, capacity 38068K, committed 38448K, reserved 1083392K
  class space    used 5035K, capacity 5075K, committed 5168K, reserved 1048576K
}
Event: 4980.872 GC heap before
{Heap before GC invocations=822 (full 507):
 PSYoungGen      total 1363456K, used 983040K [0x0000000740000000, 0x00000007bfa00000, 0x00000007c0000000)
  eden space 983040K, 100% used [0x0000000740000000,0x000000077c000000,0x000000077c000000)
  from space 380416K, 0% used [0x000000077c000000,0x000000077c000000,0x0000000793380000)
  to   space 551936K, 0% used [0x000000079df00000,0x000000079df00000,0x00000007bfa00000)
 ParOldGen       total 4194304K, used 4194086K [0x0000000640000000, 0x0000000740000000, 0x0000000740000000)
  object space 4194304K, 99% used [0x0000000640000000,0x000000073ffc99e8,0x0000000740000000)
 Metaspace       used 37890K, capacity 38068K, committed 38448K, reserved 1083392K
  class space    used 5035K, capacity 5075K, committed 5168K, reserved 1048576K

